<?xml version="1.0" encoding="UTF-8"?>
<testng-results ignored="0" total="0" passed="0" failed="0" skipped="0">
  <reporter-output>
  </reporter-output>
  <suite started-at="2024-12-23T22:02:09 IST" name="Surefire suite" finished-at="2024-12-23T22:02:20 IST" duration-ms="10661">
    <groups>
    </groups>
    <test started-at="2024-12-23T22:02:09 IST" name="Surefire test" finished-at="2024-12-23T22:02:20 IST" duration-ms="10661">
      <class name="base.BaseTest">
        <test-method is-config="true" signature="setUp()[pri:0, instance:base.BaseTest@59d016c9]" started-at="2024-12-23T22:02:09 IST" name="setUp" finished-at="2024-12-23T22:02:19 IST" duration-ms="9789" status="PASS">
          <reporter-output>
          </reporter-output>
        </test-method> <!-- setUp -->
        <test-method is-config="true" signature="tearDown()[pri:0, instance:base.BaseTest@59d016c9]" started-at="2024-12-23T22:02:19 IST" name="tearDown" finished-at="2024-12-23T22:02:20 IST" duration-ms="835" status="PASS">
          <reporter-output>
          </reporter-output>
        </test-method> <!-- tearDown -->
      </class> <!-- base.BaseTest -->
    </test> <!-- Surefire test -->
  </suite> <!-- Surefire suite -->
</testng-results>
