<?xml version="1.0" encoding="UTF-8"?>
<testng-results ignored="0" total="1" passed="1" failed="0" skipped="0">
  <reporter-output>
  </reporter-output>
  <suite started-at="2024-12-21T22:33:02 IST" name="Default suite" finished-at="2024-12-21T22:33:19 IST" duration-ms="17164">
    <groups>
    </groups>
    <test started-at="2024-12-21T22:33:02 IST" name="Default test" finished-at="2024-12-21T22:33:19 IST" duration-ms="17164">
      <class name="testcases.VerifyDashboardElements">
        <test-method is-config="true" signature="setUp()[pri:0, instance:testcases.VerifyDashboardElements@7f0eb4b4]" started-at="2024-12-21T22:33:02 IST" name="setUp" finished-at="2024-12-21T22:33:12 IST" duration-ms="9465" status="PASS">
          <reporter-output>
          </reporter-output>
        </test-method> <!-- setUp -->
        <test-method is-config="true" signature="startTest(java.lang.reflect.Method)[pri:0, instance:testcases.VerifyDashboardElements@7f0eb4b4]" started-at="2024-12-21T22:33:12 IST" name="startTest" finished-at="2024-12-21T22:33:12 IST" duration-ms="11" status="PASS">
          <params>
            <param index="0">
              <value>
                <![CDATA[public void testcases.VerifyDashboardElements.verifyDashboardElements() throws java.io.IOException]]>
              </value>
            </param>
          </params>
          <reporter-output>
          </reporter-output>
        </test-method> <!-- startTest -->
        <test-method signature="verifyDashboardElements()[pri:0, instance:testcases.VerifyDashboardElements@7f0eb4b4]" started-at="2024-12-21T22:33:12 IST" name="verifyDashboardElements" finished-at="2024-12-21T22:33:18 IST" duration-ms="6521" status="PASS">
          <reporter-output>
          </reporter-output>
        </test-method> <!-- verifyDashboardElements -->
        <test-method is-config="true" signature="logTestResult(org.testng.ITestResult)[pri:0, instance:testcases.VerifyDashboardElements@7f0eb4b4]" started-at="2024-12-21T22:33:18 IST" name="logTestResult" finished-at="2024-12-21T22:33:18 IST" duration-ms="2" status="PASS">
          <params>
            <param index="0">
              <value>
                <![CDATA[[TestResult name=verifyDashboardElements status=SUCCESS method=VerifyDashboardElements.verifyDashboardElements()[pri:0, instance:testcases.VerifyDashboardElements@7f0eb4b4] output={null}]]]>
              </value>
            </param>
          </params>
          <reporter-output>
          </reporter-output>
        </test-method> <!-- logTestResult -->
        <test-method is-config="true" signature="tearDown()[pri:0, instance:testcases.VerifyDashboardElements@7f0eb4b4]" started-at="2024-12-21T22:33:18 IST" name="tearDown" finished-at="2024-12-21T22:33:19 IST" duration-ms="1108" status="PASS">
          <reporter-output>
          </reporter-output>
        </test-method> <!-- tearDown -->
      </class> <!-- testcases.VerifyDashboardElements -->
    </test> <!-- Default test -->
  </suite> <!-- Default suite -->
</testng-results>
